#! /usr/bin/vvp
:ivl_version "10.3 (stable)";
:ivl_delay_selection "TYPICAL";
:vpi_time_precision + 0;
:vpi_module "system";
:vpi_module "vhdl_sys";
:vpi_module "v2005_math";
:vpi_module "va_math";
S_0x557e83b6cad0 .scope module, "ImmGen" "ImmGen" 2 1;
 .timescale 0 0;
    .port_info 0 /INPUT 32 "Op_i"
    .port_info 1 /OUTPUT 32 "Imm_o"
v0x557e83b7de00_0 .net "Imm_12", 11 0, v0x557e83b7df90_0;  1 drivers
v0x557e83b7dec0_0 .net "Imm_o", 31 0, L_0x557e83b7e320;  1 drivers
v0x557e83b7df90_0 .var "Imm_reg", 11 0;
o0x7f995b3c7198 .functor BUFZ 32, C4<zzzzzzzzzzzzzzzzzzzzzzzzzzzzzzzz>; HiZ drive
v0x557e83b7e060_0 .net "Op_i", 31 0, o0x7f995b3c7198;  0 drivers
E_0x557e83b698d0 .event edge, v0x557e83b7e060_0;
S_0x557e83b6cc50 .scope module, "Imm_Sign_Extend" "Sign_Extend" 2 28, 3 1 0, S_0x557e83b6cad0;
 .timescale 0 0;
    .port_info 0 /INPUT 12 "data_i"
    .port_info 1 /OUTPUT 32 "data_o"
L_0x557e83b7e260 .functor BUFZ 12, v0x557e83b7df90_0, C4<000000000000>, C4<000000000000>, C4<000000000000>;
v0x557e83b34030_0 .net *"_s3", 11 0, L_0x557e83b7e260;  1 drivers
v0x557e83b7d9f0_0 .net *"_s8", 0 0, L_0x557e83b7e480;  1 drivers
v0x557e83b7dad0_0 .net *"_s9", 19 0, L_0x557e83b7e520;  1 drivers
v0x557e83b7db90_0 .net "data_i", 11 0, v0x557e83b7df90_0;  alias, 1 drivers
v0x557e83b7dc70_0 .net "data_o", 31 0, L_0x557e83b7e320;  alias, 1 drivers
L_0x557e83b7e320 .concat8 [ 12 20 0 0], L_0x557e83b7e260, L_0x557e83b7e520;
L_0x557e83b7e480 .part v0x557e83b7df90_0, 11, 1;
LS_0x557e83b7e520_0_0 .concat [ 1 1 1 1], L_0x557e83b7e480, L_0x557e83b7e480, L_0x557e83b7e480, L_0x557e83b7e480;
LS_0x557e83b7e520_0_4 .concat [ 1 1 1 1], L_0x557e83b7e480, L_0x557e83b7e480, L_0x557e83b7e480, L_0x557e83b7e480;
LS_0x557e83b7e520_0_8 .concat [ 1 1 1 1], L_0x557e83b7e480, L_0x557e83b7e480, L_0x557e83b7e480, L_0x557e83b7e480;
LS_0x557e83b7e520_0_12 .concat [ 1 1 1 1], L_0x557e83b7e480, L_0x557e83b7e480, L_0x557e83b7e480, L_0x557e83b7e480;
LS_0x557e83b7e520_0_16 .concat [ 1 1 1 1], L_0x557e83b7e480, L_0x557e83b7e480, L_0x557e83b7e480, L_0x557e83b7e480;
LS_0x557e83b7e520_1_0 .concat [ 4 4 4 4], LS_0x557e83b7e520_0_0, LS_0x557e83b7e520_0_4, LS_0x557e83b7e520_0_8, LS_0x557e83b7e520_0_12;
LS_0x557e83b7e520_1_4 .concat [ 4 0 0 0], LS_0x557e83b7e520_0_16;
L_0x557e83b7e520 .concat [ 16 4 0 0], LS_0x557e83b7e520_1_0, LS_0x557e83b7e520_1_4;
    .scope S_0x557e83b6cad0;
T_0 ;
    %wait E_0x557e83b698d0;
    %load/vec4 v0x557e83b7e060_0;
    %parti/s 3, 4, 4;
    %dup/vec4;
    %pushi/vec4 1, 0, 3;
    %cmp/u;
    %jmp/1 T_0.0, 6;
    %dup/vec4;
    %pushi/vec4 0, 0, 3;
    %cmp/u;
    %jmp/1 T_0.1, 6;
    %dup/vec4;
    %pushi/vec4 2, 0, 3;
    %cmp/u;
    %jmp/1 T_0.2, 6;
    %dup/vec4;
    %pushi/vec4 6, 0, 3;
    %cmp/u;
    %jmp/1 T_0.3, 6;
    %jmp T_0.4;
T_0.0 ;
    %load/vec4 v0x557e83b7e060_0;
    %parti/s 1, 12, 5;
    %flag_set/vec4 8;
    %jmp/0xz  T_0.5, 8;
    %pushi/vec4 0, 0, 7;
    %load/vec4 v0x557e83b7e060_0;
    %parti/s 5, 20, 6;
    %concat/vec4; draw_concat_vec4
    %assign/vec4 v0x557e83b7df90_0, 0;
    %jmp T_0.6;
T_0.5 ;
    %load/vec4 v0x557e83b7e060_0;
    %parti/s 12, 20, 6;
    %assign/vec4 v0x557e83b7df90_0, 0;
T_0.6 ;
    %jmp T_0.4;
T_0.1 ;
    %load/vec4 v0x557e83b7e060_0;
    %parti/s 12, 20, 6;
    %assign/vec4 v0x557e83b7df90_0, 0;
    %jmp T_0.4;
T_0.2 ;
    %load/vec4 v0x557e83b7e060_0;
    %parti/s 7, 25, 6;
    %load/vec4 v0x557e83b7e060_0;
    %parti/s 5, 7, 4;
    %concat/vec4; draw_concat_vec4
    %assign/vec4 v0x557e83b7df90_0, 0;
    %jmp T_0.4;
T_0.3 ;
    %load/vec4 v0x557e83b7e060_0;
    %parti/s 1, 31, 6;
    %load/vec4 v0x557e83b7e060_0;
    %parti/s 1, 7, 4;
    %concat/vec4; draw_concat_vec4
    %load/vec4 v0x557e83b7e060_0;
    %parti/s 6, 25, 6;
    %concat/vec4; draw_concat_vec4
    %load/vec4 v0x557e83b7e060_0;
    %parti/s 4, 8, 5;
    %concat/vec4; draw_concat_vec4
    %assign/vec4 v0x557e83b7df90_0, 0;
    %jmp T_0.4;
T_0.4 ;
    %pop/vec4 1;
    %jmp T_0;
    .thread T_0, $push;
# The file index is used to find the file name in the following table.
:file_names 4;
    "N/A";
    "<interactive>";
    "ImmGen.v";
    "Sign_Extend.v";
